<?xml version="1.0" encoding="UTF-8"?>
<testng-results ignored="0" total="1" passed="1" failed="0" skipped="0">
  <reporter-output>
  </reporter-output>
  <suite started-at="2025-08-08T14:42:05 IST" name="Default suite" finished-at="2025-08-08T14:42:28 IST" duration-ms="23173">
    <groups>
      <group name="cucumber">
        <method signature="AbstractTestNGCucumberTests.runScenario(io.cucumber.testng.PickleWrapper,io.cucumber.testng.FeatureWrapper)[pri:0, instance:org.testRunner.TestNGRunnerTest@461ad730]" name="runScenario" class="io.cucumber.testng.AbstractTestNGCucumberTests"/>
      </group> <!-- cucumber -->
    </groups>
    <test started-at="2025-08-08T14:42:05 IST" name="Default test" finished-at="2025-08-08T14:42:28 IST" duration-ms="23173">
      <class name="org.testRunner.TestNGRunnerTest">
        <test-method is-config="true" signature="setUpClass(org.testng.ITestContext)[pri:0, instance:org.testRunner.TestNGRunnerTest@461ad730]" started-at="2025-08-08T14:42:05 IST" name="setUpClass" finished-at="2025-08-08T14:42:05 IST" duration-ms="608" status="PASS">
          <params>
            <param index="0">
              <value>
                <![CDATA[org.testng.TestRunner@2eb60c71]]>
              </value>
            </param>
          </params>
          <reporter-output>
          </reporter-output>
        </test-method> <!-- setUpClass -->
        <test-method signature="runScenario(io.cucumber.testng.PickleWrapper,io.cucumber.testng.FeatureWrapper)[pri:0, instance:org.testRunner.TestNGRunnerTest@461ad730]" started-at="2025-08-08T14:42:05 IST" name="runScenario" description="Runs Cucumber Scenarios" data-provider="scenarios" finished-at="2025-08-08T14:42:26 IST" duration-ms="20645" status="PASS">
          <params>
            <param index="0">
              <value>
                <![CDATA["verify that all action present on the page are working or not"]]>
              </value>
            </param>
            <param index="1">
              <value>
                <![CDATA["Verify that all Action present on New Request page are working as required"]]>
              </value>
            </param>
          </params>
          <reporter-output>
          </reporter-output>
        </test-method> <!-- runScenario -->
        <test-method is-config="true" signature="tearDownClass()[pri:0, instance:org.testRunner.TestNGRunnerTest@461ad730]" started-at="2025-08-08T14:42:26 IST" name="tearDownClass" finished-at="2025-08-08T14:42:28 IST" duration-ms="1866" status="PASS">
          <reporter-output>
          </reporter-output>
        </test-method> <!-- tearDownClass -->
      </class> <!-- org.testRunner.TestNGRunnerTest -->
    </test> <!-- Default test -->
  </suite> <!-- Default suite -->
</testng-results>
